<?xml version="1.0" encoding="UTF-8"?>
<testng-results ignored="0" total="1" passed="1" failed="0" skipped="0">
  <reporter-output>
  </reporter-output>
  <suite started-at="2023-04-05T10:31:05 IST" name="Default suite" finished-at="2023-04-05T10:31:57 IST" duration-ms="52024">
    <groups>
    </groups>
    <test started-at="2023-04-05T10:31:05 IST" name="Default test" finished-at="2023-04-05T10:31:57 IST" duration-ms="52024">
      <class name="Wobb_ai_SignUp_Page_Test.Sign_Up_PageTest">
        <test-method is-config="true" signature="openApplication()[pri:0, instance:Wobb_ai_SignUp_Page_Test.Sign_Up_PageTest@7674f035]" started-at="2023-04-05T10:31:05 IST" name="openApplication" finished-at="2023-04-05T10:31:41 IST" duration-ms="36329" status="PASS">
          <reporter-output>
          </reporter-output>
        </test-method> <!-- openApplication -->
        <test-method signature="Verification_of_Sign_Up_Functionality_by_using_all_valid_data()[pri:0, instance:Wobb_ai_SignUp_Page_Test.Sign_Up_PageTest@7674f035]" started-at="2023-04-05T10:31:41 IST" name="Verification_of_Sign_Up_Functionality_by_using_all_valid_data" finished-at="2023-04-05T10:31:57 IST" duration-ms="15185" status="PASS">
          <reporter-output>
          </reporter-output>
        </test-method> <!-- Verification_of_Sign_Up_Functionality_by_using_all_valid_data -->
        <test-method is-config="true" signature="closeApp()[pri:0, instance:Wobb_ai_SignUp_Page_Test.Sign_Up_PageTest@7674f035]" started-at="2023-04-05T10:31:57 IST" name="closeApp" finished-at="2023-04-05T10:31:57 IST" duration-ms="429" status="PASS">
          <reporter-output>
          </reporter-output>
        </test-method> <!-- closeApp -->
      </class> <!-- Wobb_ai_SignUp_Page_Test.Sign_Up_PageTest -->
    </test> <!-- Default test -->
  </suite> <!-- Default suite -->
</testng-results>
